<?xml version="1.0" encoding="UTF-8"?>
<testng-results ignored="0" total="1" passed="1" failed="0" skipped="0">
  <reporter-output>
  </reporter-output>
  <suite started-at="2023-10-26T09:53:12 IST" name="Suite" finished-at="2023-10-26T09:53:14 IST" duration-ms="1665">
    <groups>
    </groups>
    <test started-at="2023-10-26T09:53:12 IST" name="Test" finished-at="2023-10-26T09:53:14 IST" duration-ms="1665">
      <class name="Registration_from.Registratiom_from.Employee_F">
        <test-method signature="Validate_url()[pri:0, instance:Registration_from.Registratiom_from.Employee_F@6af93788]" started-at="2023-10-26T09:53:12 IST" name="Validate_url" finished-at="2023-10-26T09:53:14 IST" duration-ms="1617" status="PASS">
          <reporter-output>
          </reporter-output>
        </test-method> <!-- Validate_url -->
      </class> <!-- Registration_from.Registratiom_from.Employee_F -->
    </test> <!-- Test -->
  </suite> <!-- Suite -->
</testng-results>
